<?xml version="1.0" encoding="UTF-8"?>
<!-- Generated by org.testng.reporters.JUnitReportReporter -->
<testsuite ignored="1" hostname="DESKTOP-VRMT138" failures="0" tests="3" name="scripts.testRun" time="0.002" errors="0" timestamp="23 Dec 2020 20:23:16 GMT" skipped="0">
  <testcase classname="scripts.testRun" name="validateTextPresnt" time="0.001"/>
  <testcase classname="scripts.testRun" name="validateUrl" time="0.001"/>
  <testcase classname="scripts.testRun" name="validateTitle" time="0.000"/>
  <testcase classname="scripts.codeRun" name="atest">
    <skipped/>
  </testcase> <!-- atest -->
</testsuite> <!-- scripts.testRun -->
