<?xml version="1.0" encoding="UTF-8"?>
<!-- Generated by org.testng.reporters.JUnitReportReporter -->
<testsuite ignored="1" hostname="DESKTOP-VRMT138" failures="0" tests="2" name="scripts.codeRun" time="0.009" errors="0" timestamp="23 Dec 2020 20:23:16 GMT" skipped="0">
  <testcase classname="scripts.codeRun" name="btest" time="0.003"/>
  <testcase classname="scripts.codeRun" name="ctest" time="0.006"/>
  <testcase classname="scripts.codeRun" name="atest">
    <skipped/>
  </testcase> <!-- atest -->
</testsuite> <!-- scripts.codeRun -->
